<?xml version='1.0' encoding='UTF-8'?>
<testsuite hostname="Vivek" name="storagetests" tests="6" errors="0" failures="1" skipped="0" time="0.056" timestamp="2019-02-21T14:35:59">
                     <properties>
[...]
</properties>
                     <testcase classname="storagetests" name="EX01 - constant5" time="0.03">
                                                 
                                               </testcase><testcase classname="storagetests" name="EX02 - constant" time="0.002">
                                                 
                                               </testcase><testcase classname="storagetests" name="EX03 - counter0" time="0.001">
                                                 
                                               </testcase><testcase classname="storagetests" name="EX04 - counter" time="0.001">
                                                 
                                               </testcase><testcase classname="storagetests" name="EX05 - getAndSet" time="0.001">
                                                 
                                               </testcase><testcase classname="storagetests" name="EX06 - getAndSetSpy" time="0.021">
                                                 <failure message="(2,2,3,2,4,2,4,3,4,4,10,11,20,21,100,101,200,201) did not equal (4,4,5,5,6,6,7,7,8,8,10,11,20,21,100,101,200,201)" type="org.scalatest.exceptions.TestFailedException">org.scalatest.exceptions.TestFailedException: (2,2,3,2,4,2,4,3,4,4,10,11,20,21,100,101,200,201) did not equal (4,4,5,5,6,6,7,7,8,8,10,11,20,21,100,101,200,201)
	at org.scalatest.Assertions.newAssertionFailedException(Assertions.scala:528)
	at org.scalatest.Assertions.newAssertionFailedException$(Assertions.scala:527)
	at org.scalatest.PropSpec.newAssertionFailedException(PropSpec.scala:874)
	at org.scalatest.Assertions$AssertionsHelper.macroAssert(Assertions.scala:501)
	at storagetests.$anonfun$new$6(storagetests.scala:83)
	at org.scalatest.OutcomeOf.outcomeOf(OutcomeOf.scala:85)
	at org.scalatest.OutcomeOf.outcomeOf$(OutcomeOf.scala:83)
	at org.scalatest.OutcomeOf$.outcomeOf(OutcomeOf.scala:104)
	at org.scalatest.Transformer.apply(Transformer.scala:22)
	at org.scalatest.Transformer.apply(Transformer.scala:20)
	at org.scalatest.PropSpecLike$$anon$1.apply(PropSpecLike.scala:186)
	at org.scalatest.TestSuite.withFixture(TestSuite.scala:196)
	at org.scalatest.TestSuite.withFixture$(TestSuite.scala:195)
	at UnitSpec.org$scalatest$concurrent$TimeLimitedTests$$super$withFixture(UnitSpec.scala:6)
	at org.scalatest.concurrent.TimeLimitedTests.$anonfun$withFixture$3(TimeLimitedTests.scala:154)
	at org.scalatest.enablers.Timed$$anon$1.timeoutAfter(Timed.scala:127)
	at org.scalatest.concurrent.TimeLimits.failAfterImpl(TimeLimits.scala:239)
	at org.scalatest.concurrent.TimeLimits.failAfterImpl$(TimeLimits.scala:233)
	at org.scalatest.concurrent.TimeLimits$.failAfterImpl(TimeLimits.scala:305)
	at org.scalatest.concurrent.TimeLimitedTests.withFixture(TimeLimitedTests.scala:153)
	at org.scalatest.concurrent.TimeLimitedTests.withFixture$(TimeLimitedTests.scala:150)
	at UnitSpec.withFixture(UnitSpec.scala:6)
	at org.scalatest.PropSpecLike.invokeWithFixture$1(PropSpecLike.scala:184)
	at org.scalatest.PropSpecLike.$anonfun$runTest$1(PropSpecLike.scala:196)
	at org.scalatest.SuperEngine.runTestImpl(Engine.scala:289)
	at org.scalatest.PropSpecLike.runTest(PropSpecLike.scala:196)
	at org.scalatest.PropSpecLike.runTest$(PropSpecLike.scala:178)
	at org.scalatest.PropSpec.runTest(PropSpec.scala:874)
	at org.scalatest.PropSpecLike.$anonfun$runTests$1(PropSpecLike.scala:229)
	at org.scalatest.SuperEngine.$anonfun$runTestsInBranch$1(Engine.scala:396)
	at scala.collection.immutable.List.foreach(List.scala:389)
	at org.scalatest.SuperEngine.traverseSubNodes$1(Engine.scala:384)
	at org.scalatest.SuperEngine.runTestsInBranch(Engine.scala:379)
	at org.scalatest.SuperEngine.runTestsImpl(Engine.scala:461)
	at org.scalatest.PropSpecLike.runTests(PropSpecLike.scala:229)
	at org.scalatest.PropSpecLike.runTests$(PropSpecLike.scala:228)
	at org.scalatest.PropSpec.runTests(PropSpec.scala:874)
	at org.scalatest.Suite.run(Suite.scala:1147)
	at org.scalatest.Suite.run$(Suite.scala:1129)
	at org.scalatest.PropSpec.org$scalatest$PropSpecLike$$super$run(PropSpec.scala:874)
	at org.scalatest.PropSpecLike.$anonfun$run$1(PropSpecLike.scala:233)
	at org.scalatest.SuperEngine.runImpl(Engine.scala:521)
	at org.scalatest.PropSpecLike.run(PropSpecLike.scala:233)
	at org.scalatest.PropSpecLike.run$(PropSpecLike.scala:232)
	at org.scalatest.PropSpec.run(PropSpec.scala:874)
	at org.scalatest.tools.Framework.org$scalatest$tools$Framework$$runSuite(Framework.scala:314)
	at org.scalatest.tools.Framework$ScalaTestTask.execute(Framework.scala:507)
	at sbt.TestRunner.runTest$1(TestFramework.scala:113)
	at sbt.TestRunner.run(TestFramework.scala:124)
	at sbt.TestFramework$$anon$2$$anonfun$$lessinit$greater$1.$anonfun$apply$1(TestFramework.scala:282)
	at sbt.TestFramework$.sbt$TestFramework$$withContextLoader(TestFramework.scala:246)
	at sbt.TestFramework$$anon$2$$anonfun$$lessinit$greater$1.apply(TestFramework.scala:282)
	at sbt.TestFramework$$anon$2$$anonfun$$lessinit$greater$1.apply(TestFramework.scala:282)
	at sbt.TestFunction.apply(TestFramework.scala:294)
	at sbt.Tests$.$anonfun$toTask$1(Tests.scala:309)
	at sbt.std.Transform$$anon$3.$anonfun$apply$2(System.scala:46)
	at sbt.std.Transform$$anon$4.work(System.scala:67)
	at sbt.Execute.$anonfun$submit$2(Execute.scala:269)
	at sbt.internal.util.ErrorHandling$.wideConvert(ErrorHandling.scala:16)
	at sbt.Execute.work(Execute.scala:278)
	at sbt.Execute.$anonfun$submit$1(Execute.scala:269)
	at sbt.ConcurrentRestrictions$$anon$4.$anonfun$submitValid$1(ConcurrentRestrictions.scala:178)
	at sbt.CompletionService$$anon$2.call(CompletionService.scala:37)
	at java.util.concurrent.FutureTask.run(Unknown Source)
	at java.util.concurrent.Executors$RunnableAdapter.call(Unknown Source)
	at java.util.concurrent.FutureTask.run(Unknown Source)
	at java.util.concurrent.ThreadPoolExecutor.runWorker(Unknown Source)
	at java.util.concurrent.ThreadPoolExecutor$Worker.run(Unknown Source)
	at java.lang.Thread.run(Unknown Source)
</failure>
                                               </testcase>
                     <system-out><![CDATA[]]></system-out>
                     <system-err><![CDATA[]]></system-err>
                   </testsuite>